app/build/intermediates/manifest_merge_blame_file/release/manifest-merger-blame-release-report.txt
1<?xml version="1.0" encoding="utf-8"?>
2<manifest xmlns:android="http://schemas.android.com/apk/res/android"
3    package="com.streamsaw"
4    android:versionCode="102"
5    android:versionName="10.2" >
6
7    <uses-sdk
8        android:minSdkVersion="23"
8-->src\main\AndroidManifest.xml
9        android:targetSdkVersion="29" />
9-->src\main\AndroidManifest.xml
10
11    <uses-permission android:name="android.permission.INTERNET" />
11-->src\main\AndroidManifest.xml:6:5-67
11-->src\main\AndroidManifest.xml:6:22-64
12    <uses-permission android:name="android.permission.BLUETOOTH" />
12-->src\main\AndroidManifest.xml:7:5-68
12-->src\main\AndroidManifest.xml:7:22-65
13    <uses-permission android:name="android.permission.READ_EXTERNAL_STORAGE" />
13-->src\main\AndroidManifest.xml:8:5-80
13-->src\main\AndroidManifest.xml:8:22-77
14    <uses-permission android:name="android.permission.WRITE_EXTERNAL_STORAGE" />
14-->src\main\AndroidManifest.xml:9:5-81
14-->src\main\AndroidManifest.xml:9:22-78
15    <uses-permission android:name="android.permission.ACCESS_NETWORK_STATE" />
15-->src\main\AndroidManifest.xml:10:5-79
15-->src\main\AndroidManifest.xml:10:22-76
16    <uses-permission android:name="android.permission.RECEIVE_BOOT_COMPLETED" />
16-->src\main\AndroidManifest.xml:11:5-81
16-->src\main\AndroidManifest.xml:11:22-78
17    <uses-permission android:name="android.permission.DOWNLOAD_WITHOUT_NOTIFICATION" />
17-->src\main\AndroidManifest.xml:12:5-88
17-->src\main\AndroidManifest.xml:12:22-85
18    <uses-permission android:name="android.permission.EXPAND_STATUS_BAR" />
18-->src\main\AndroidManifest.xml:13:5-76
18-->src\main\AndroidManifest.xml:13:22-73
19    <uses-permission android:name="android.permission.READ_PHONE_STATE" />
19-->src\main\AndroidManifest.xml:14:5-75
19-->src\main\AndroidManifest.xml:14:22-72
20    <uses-permission android:name="android.permission.MODIFY_AUDIO_SETTINGS" />
20-->src\main\AndroidManifest.xml:15:5-80
20-->src\main\AndroidManifest.xml:15:22-77
21    <uses-permission android:name="android.permission.ACCESS_COARSE_LOCATION" />
21-->src\main\AndroidManifest.xml:16:5-81
21-->src\main\AndroidManifest.xml:16:22-78
22    <uses-permission android:name="android.permission.ACCESS_FINE_LOCATION" />
22-->src\main\AndroidManifest.xml:17:5-79
22-->src\main\AndroidManifest.xml:17:22-76
23
24    <uses-feature android:glEsVersion="0x00020000" /> <!-- This permission is required to start foreground services in Android P. -->
24-->[:extensions-extension-vp9] AndroidManifest.xml:24:5-54
24-->[:extensions-extension-vp9] AndroidManifest.xml:24:19-51
25    <uses-permission android:name="android.permission.FOREGROUND_SERVICE" />
25-->[com.google.android.gms:play-services-cast-framework:19.0.0] AndroidManifest.xml:7:5-77
25-->[com.google.android.gms:play-services-cast-framework:19.0.0] AndroidManifest.xml:7:22-74
26    <uses-permission android:name="android.permission.WAKE_LOCK" /> <!-- Required by older versions of Google Play services to create IID tokens -->
26-->[com.google.firebase:firebase-iid:20.3.0] AndroidManifest.xml:24:5-68
26-->[com.google.firebase:firebase-iid:20.3.0] AndroidManifest.xml:24:22-65
27    <uses-permission android:name="com.google.android.c2dm.permission.RECEIVE" />
27-->[com.google.firebase:firebase-iid:20.3.0] AndroidManifest.xml:26:5-82
27-->[com.google.firebase:firebase-iid:20.3.0] AndroidManifest.xml:26:22-79
28    <uses-permission android:name="com.google.android.finsky.permission.BIND_GET_INSTALL_REFERRER_SERVICE" />
28-->[com.google.android.gms:play-services-measurement:17.6.0] AndroidManifest.xml:26:5-110
28-->[com.google.android.gms:play-services-measurement:17.6.0] AndroidManifest.xml:26:22-107
29    <uses-permission android:name="android.permission.ACCESS_WIFI_STATE" />
29-->[com.startapp:inapp-sdk:4.6.2] AndroidManifest.xml:12:5-76
29-->[com.startapp:inapp-sdk:4.6.2] AndroidManifest.xml:12:22-73
30    <uses-permission android:name="android.permission.REQUEST_INSTALL_PACKAGES" >
30-->[com.download.library:Downloader:4.1.4] AndroidManifest.xml:17:5-18:23
30-->[com.download.library:Downloader:4.1.4] AndroidManifest.xml:17:22-80
31    </uses-permission>
32    <uses-permission android:name="android.permission.CAMERA" />
32-->[io.card:android-sdk:5.5.1] AndroidManifest.xml:9:5-65
32-->[io.card:android-sdk:5.5.1] AndroidManifest.xml:9:22-62
33    <uses-permission android:name="android.permission.VIBRATE" />
33-->[io.card:android-sdk:5.5.1] AndroidManifest.xml:10:5-66
33-->[io.card:android-sdk:5.5.1] AndroidManifest.xml:10:22-63
34
35    <uses-feature
35-->[io.card:android-sdk:5.5.1] AndroidManifest.xml:12:5-14:36
36        android:name="android.hardware.camera"
36-->[io.card:android-sdk:5.5.1] AndroidManifest.xml:13:9-47
37        android:required="false" />
37-->[io.card:android-sdk:5.5.1] AndroidManifest.xml:14:9-33
38    <uses-feature
38-->[io.card:android-sdk:5.5.1] AndroidManifest.xml:15:5-17:36
39        android:name="android.hardware.camera.autofocus"
39-->[io.card:android-sdk:5.5.1] AndroidManifest.xml:16:9-57
40        android:required="false" />
40-->[io.card:android-sdk:5.5.1] AndroidManifest.xml:17:9-33
41
42    <uses-permission android:name="com.android.alarm.permission.SET_ALARM" />
42-->[com.explorestack.ogury:sdk:4.7.6] AndroidManifest.xml:11:5-78
42-->[com.explorestack.ogury:sdk:4.7.6] AndroidManifest.xml:11:22-75
43    <uses-permission android:name="android.permission.QUERY_ALL_PACKAGES" />
43-->[com.explorestack.ogury:sdk:4.7.6] AndroidManifest.xml:14:5-77
43-->[com.explorestack.ogury:sdk:4.7.6] AndroidManifest.xml:14:22-74
44
45    <application
45-->src\main\AndroidManifest.xml:19:5-193:19
46        android:name="com.streamsaw.EasyPlexApp"
46-->src\main\AndroidManifest.xml:20:9-49
47        android:allowBackup="true"
47-->[com.github.pchmn:MaterialChipsInput:1.0.8] AndroidManifest.xml:12:9-35
48        android:appComponentFactory="androidx.core.app.CoreComponentFactory"
48-->[androidx.core:core:1.5.0-alpha02] AndroidManifest.xml:24:18-86
49        android:debuggable="true"
50        android:extractNativeLibs="false"
51        android:fullBackupContent="@xml/vungle_backup_rule"
51-->[com.vungle:publisher-sdk-android:6.7.1] AndroidManifest.xml:19:9-60
52        android:hardwareAccelerated="true"
52-->[com.vungle:publisher-sdk-android:6.7.1] AndroidManifest.xml:20:9-43
53        android:icon="@mipmap/ic_launcher"
53-->src\main\AndroidManifest.xml:21:9-43
54        android:label="@string/app_name"
54-->src\main\AndroidManifest.xml:22:9-41
55        android:requestLegacyExternalStorage="true"
55-->src\main\AndroidManifest.xml:25:9-52
56        android:supportsRtl="true"
56-->src\main\AndroidManifest.xml:24:9-35
57        android:theme="@style/AppTheme"
57-->src\main\AndroidManifest.xml:23:9-40
58        android:usesCleartextTraffic="true" >
58-->src\main\AndroidManifest.xml:26:10-45
59        <provider
60            android:name="androidx.core.content.FileProvider"
60-->src\main\AndroidManifest.xml:32:13-62
61            android:authorities="com.streamsaw.fileProvider"
61-->src\main\AndroidManifest.xml:33:13-64
62            android:exported="false"
62-->src\main\AndroidManifest.xml:34:13-37
63            android:grantUriPermissions="true" >
63-->src\main\AndroidManifest.xml:35:13-47
64            <meta-data
64-->src\main\AndroidManifest.xml:36:13-38:57
65                android:name="android.support.FILE_PROVIDER_PATHS"
65-->src\main\AndroidManifest.xml:37:17-67
66                android:resource="@xml/provider_paths" />
66-->src\main\AndroidManifest.xml:38:17-55
67        </provider>
68
69        <meta-data
69-->src\main\AndroidManifest.xml:42:9-44:69
70            android:name="com.google.android.gms.ads.APPLICATION_ID"
70-->src\main\AndroidManifest.xml:43:13-69
71            android:value="ca-app-pub-2104799112324452~3374907760" />
71-->src\main\AndroidManifest.xml:44:13-67
72        <meta-data
72-->src\main\AndroidManifest.xml:48:9-50:41
73            android:name="com.startapp.sdk.APPLICATION_ID"
73-->src\main\AndroidManifest.xml:49:13-59
74            android:value="201975314" />
74-->src\main\AndroidManifest.xml:50:13-38
75
76        <activity
76-->src\main\AndroidManifest.xml:53:9-58:47
77            android:name="com.streamsaw.ui.base.BaseActivity"
77-->src\main\AndroidManifest.xml:54:13-62
78            android:configChanges="orientation|screenSize|keyboardHidden"
78-->src\main\AndroidManifest.xml:55:13-74
79            android:hardwareAccelerated="true"
79-->src\main\AndroidManifest.xml:56:13-47
80            android:screenOrientation="portrait"
80-->src\main\AndroidManifest.xml:57:13-49
81            android:theme="@style/AppTheme" />
81-->src\main\AndroidManifest.xml:58:13-44
82        <activity
82-->src\main\AndroidManifest.xml:60:9-67:20
83            android:name="com.streamsaw.ui.splash.SplashActivity"
83-->src\main\AndroidManifest.xml:61:13-66
84            android:theme="@style/SplashTheme" >
84-->src\main\AndroidManifest.xml:62:13-47
85            <intent-filter>
85-->src\main\AndroidManifest.xml:63:13-66:29
86                <action android:name="android.intent.action.MAIN" />
86-->src\main\AndroidManifest.xml:64:17-69
86-->src\main\AndroidManifest.xml:64:25-66
87
88                <category android:name="android.intent.category.LAUNCHER" />
88-->src\main\AndroidManifest.xml:65:17-77
88-->src\main\AndroidManifest.xml:65:27-74
89            </intent-filter>
90        </activity>
91
92        <service
92-->src\main\AndroidManifest.xml:72:9-79:19
93            android:name="com.streamsaw.ui.notifications.NotificationManager"
93-->src\main\AndroidManifest.xml:73:13-78
94            android:enabled="true"
94-->src\main\AndroidManifest.xml:74:13-35
95            android:exported="false" >
95-->src\main\AndroidManifest.xml:75:13-37
96            <intent-filter>
96-->src\main\AndroidManifest.xml:76:13-78:29
97                <action android:name="com.google.firebase.MESSAGING_EVENT" />
97-->src\main\AndroidManifest.xml:77:17-78
97-->src\main\AndroidManifest.xml:77:25-75
98            </intent-filter>
99        </service>
100
101        <meta-data
101-->src\main\AndroidManifest.xml:84:9-86:79
102            android:name="com.google.android.gms.cast.framework.OPTIONS_PROVIDER_CLASS_NAME"
102-->src\main\AndroidManifest.xml:85:13-93
103            android:value="com.easyplex.ui.player.cast.CastOptionsProvider" />
103-->src\main\AndroidManifest.xml:86:13-76
104
105        <!--
106     Set custom default icon. This is used when no icon is set for incoming notification messages.
107     See README(https://goo.gl/l4GJaQ) for more.
108        -->
109        <meta-data
109-->src\main\AndroidManifest.xml:91:9-93:67
110            android:name="com.google.firebase.messaging.default_notification_icon"
110-->src\main\AndroidManifest.xml:92:13-83
111            android:resource="@drawable/notification_smal_size" />
111-->src\main\AndroidManifest.xml:93:13-64
112        <!--
113             Set color used with incoming notification messages. This is used when no color is set for the incoming
114             notification message. See README(https://goo.gl/6BKBk7) for more.
115        -->
116        <meta-data
116-->src\main\AndroidManifest.xml:96:9-98:53
117            android:name="com.google.firebase.messaging.default_notification_color"
117-->src\main\AndroidManifest.xml:97:13-84
118            android:resource="@color/colorAccent" />
118-->src\main\AndroidManifest.xml:98:13-50
119        <meta-data
119-->src\main\AndroidManifest.xml:101:9-103:36
120            android:name="com.google.android.gms.ads.AD_MANAGER_APP"
120-->src\main\AndroidManifest.xml:102:13-69
121            android:value="true" />
121-->src\main\AndroidManifest.xml:103:13-33
122
123        <activity
123-->src\main\AndroidManifest.xml:107:9-109:52
124            android:name="com.streamsaw.ui.payment.PaymentDetails"
124-->src\main\AndroidManifest.xml:108:13-67
125            android:screenOrientation="portrait" />
125-->src\main\AndroidManifest.xml:109:13-49
126        <activity
126-->src\main\AndroidManifest.xml:111:9-113:52
127            android:name="com.streamsaw.ui.login.LoginActivity"
127-->src\main\AndroidManifest.xml:112:13-64
128            android:screenOrientation="portrait" />
128-->src\main\AndroidManifest.xml:113:13-49
129        <activity
129-->src\main\AndroidManifest.xml:115:9-117:52
130            android:name="com.streamsaw.ui.register.RegisterActivity"
130-->src\main\AndroidManifest.xml:116:13-70
131            android:screenOrientation="portrait" />
131-->src\main\AndroidManifest.xml:117:13-49
132        <activity
132-->src\main\AndroidManifest.xml:120:9-122:52
133            android:name="com.streamsaw.ui.settings.SettingsActivity"
133-->src\main\AndroidManifest.xml:121:13-70
134            android:screenOrientation="portrait" />
134-->src\main\AndroidManifest.xml:122:13-49
135        <activity
135-->src\main\AndroidManifest.xml:127:9-140:20
136            android:name="com.streamsaw.ui.moviedetails.MovieDetailsActivity"
136-->src\main\AndroidManifest.xml:128:13-78
137            android:configChanges="orientation|screenSize|keyboardHidden"
137-->src\main\AndroidManifest.xml:129:13-74
138            android:excludeFromRecents="true"
138-->src\main\AndroidManifest.xml:132:13-46
139            android:launchMode="singleTop"
139-->src\main\AndroidManifest.xml:130:13-43
140            android:parentActivityName="com.streamsaw.ui.base.BaseActivity"
140-->src\main\AndroidManifest.xml:133:13-76
141            android:screenOrientation="portrait"
141-->src\main\AndroidManifest.xml:134:13-49
142            android:taskAffinity="" >
142-->src\main\AndroidManifest.xml:131:13-36
143            <intent-filter>
143-->src\main\AndroidManifest.xml:135:13-139:29
144                <action android:name="MOVIE" />
144-->src\main\AndroidManifest.xml:136:17-48
144-->src\main\AndroidManifest.xml:136:25-45
145
146                <category android:name="android.intent.category.DEFAULT" />
146-->src\main\AndroidManifest.xml:138:17-76
146-->src\main\AndroidManifest.xml:138:27-73
147            </intent-filter>
148        </activity>
149        <activity
149-->src\main\AndroidManifest.xml:144:9-148:52
150            android:name="com.streamsaw.ui.seriedetails.SerieDetailsActivity"
150-->src\main\AndroidManifest.xml:145:13-78
151            android:configChanges="keyboard|keyboardHidden|orientation|screenSize|screenLayout|smallestScreenSize|uiMode"
151-->src\main\AndroidManifest.xml:146:13-122
152            android:launchMode="singleTop"
152-->src\main\AndroidManifest.xml:147:13-43
153            android:screenOrientation="portrait" />
153-->src\main\AndroidManifest.xml:148:13-49
154        <activity
154-->src\main\AndroidManifest.xml:151:9-155:52
155            android:name="com.streamsaw.ui.animes.AnimeDetailsActivity"
155-->src\main\AndroidManifest.xml:152:13-72
156            android:configChanges="keyboard|keyboardHidden|orientation|screenSize|screenLayout|smallestScreenSize|uiMode"
156-->src\main\AndroidManifest.xml:153:13-122
157            android:launchMode="singleTop"
157-->src\main\AndroidManifest.xml:154:13-43
158            android:screenOrientation="portrait" />
158-->src\main\AndroidManifest.xml:155:13-49
159        <activity
159-->src\main\AndroidManifest.xml:159:9-163:54
160            android:name="com.streamsaw.ui.player.activities.EasyPlexMainPlayer"
160-->src\main\AndroidManifest.xml:160:13-81
161            android:launchMode="singleTop"
161-->src\main\AndroidManifest.xml:161:13-43
162            android:screenOrientation="landscape"
162-->src\main\AndroidManifest.xml:162:13-50
163            android:theme="@style/TubiPlayerTheme" />
163-->src\main\AndroidManifest.xml:163:13-51
164        <activity
164-->src\main\AndroidManifest.xml:167:9-169:52
165            android:name="com.streamsaw.ui.register.RegistrationSucess"
165-->src\main\AndroidManifest.xml:168:13-72
166            android:screenOrientation="portrait" />
166-->src\main\AndroidManifest.xml:169:13-49
167        <activity
167-->src\main\AndroidManifest.xml:171:9-173:52
168            android:name="com.streamsaw.ui.trailer.TrailerPreviewActivity"
168-->src\main\AndroidManifest.xml:172:13-75
169            android:screenOrientation="portrait" />
169-->src\main\AndroidManifest.xml:173:13-49
170        <activity
170-->src\main\AndroidManifest.xml:175:9-177:52
171            android:name="com.streamsaw.ui.upcoming.UpcomingTitlesActivity"
171-->src\main\AndroidManifest.xml:176:13-76
172            android:screenOrientation="portrait" />
172-->src\main\AndroidManifest.xml:177:13-49
173        <activity
173-->src\main\AndroidManifest.xml:178:9-181:15
174            android:name="com.streamsaw.ui.player.activities.EasyPlexPlayerActivity"
174-->src\main\AndroidManifest.xml:178:19-91
175            android:theme="@style/TubiPlayerTheme" />
175-->src\main\AndroidManifest.xml:179:13-51
176        <activity
176-->src\main\AndroidManifest.xml:184:9-185:52
177            android:name="com.streamsaw.ui.profile.EditProfileActivity"
177-->src\main\AndroidManifest.xml:184:19-78
178            android:screenOrientation="portrait" />
178-->src\main\AndroidManifest.xml:185:13-49
179        <activity android:name="com.streamsaw.ui.download.DownloadList" />
179-->src\main\AndroidManifest.xml:186:9-75
179-->src\main\AndroidManifest.xml:186:19-72
180        <activity
180-->src\main\AndroidManifest.xml:187:9-189:15
181            android:name="com.streamsaw.ui.payment.Payment"
181-->src\main\AndroidManifest.xml:187:19-66
182            android:screenOrientation="portrait" />
182-->src\main\AndroidManifest.xml:188:13-49
183        <activity android:name="com.streamsaw.ui.player.activities.EmbedActivity" />
183-->src\main\AndroidManifest.xml:190:9-85
183-->src\main\AndroidManifest.xml:190:19-82
184        <activity
184-->[com.stripe:stripe-android:16.0.1] AndroidManifest.xml:12:9-14:57
185            android:name="com.stripe.android.view.AddPaymentMethodActivity"
185-->[com.stripe:stripe-android:16.0.1] AndroidManifest.xml:13:13-76
186            android:theme="@style/StripeDefaultTheme" />
186-->[com.stripe:stripe-android:16.0.1] AndroidManifest.xml:14:13-54
187        <activity
187-->[com.stripe:stripe-android:16.0.1] AndroidManifest.xml:15:9-17:57
188            android:name="com.stripe.android.view.PaymentMethodsActivity"
188-->[com.stripe:stripe-android:16.0.1] AndroidManifest.xml:16:13-74
189            android:theme="@style/StripeDefaultTheme" />
189-->[com.stripe:stripe-android:16.0.1] AndroidManifest.xml:17:13-54
190        <activity
190-->[com.stripe:stripe-android:16.0.1] AndroidManifest.xml:18:9-20:57
191            android:name="com.stripe.android.view.PaymentFlowActivity"
191-->[com.stripe:stripe-android:16.0.1] AndroidManifest.xml:19:13-71
192            android:theme="@style/StripeDefaultTheme" />
192-->[com.stripe:stripe-android:16.0.1] AndroidManifest.xml:20:13-54
193        <activity
193-->[com.stripe:stripe-android:16.0.1] AndroidManifest.xml:21:9-24:58
194            android:name="com.stripe.android.view.PaymentAuthWebViewActivity"
194-->[com.stripe:stripe-android:16.0.1] AndroidManifest.xml:22:13-78
195            android:theme="@style/StripeDefaultTheme"
195-->[com.stripe:stripe-android:16.0.1] AndroidManifest.xml:23:13-54
196            android:windowSoftInputMode="adjustResize" />
196-->[com.stripe:stripe-android:16.0.1] AndroidManifest.xml:24:13-55
197        <activity
197-->[com.stripe:stripe-android:16.0.1] AndroidManifest.xml:25:9-27:57
198            android:name="com.stripe.android.view.PaymentRelayActivity"
198-->[com.stripe:stripe-android:16.0.1] AndroidManifest.xml:26:13-72
199            android:theme="@style/StripeDefaultTheme" />
199-->[com.stripe:stripe-android:16.0.1] AndroidManifest.xml:27:13-54
200        <activity
200-->[com.stripe:stripe-android:16.0.1] AndroidManifest.xml:28:9-30:57
201            android:name="com.stripe.android.view.Stripe3ds2CompletionActivity"
201-->[com.stripe:stripe-android:16.0.1] AndroidManifest.xml:29:13-80
202            android:theme="@style/StripeDefaultTheme" />
202-->[com.stripe:stripe-android:16.0.1] AndroidManifest.xml:30:13-54
203        <activity
203-->[com.stripe:stripe-android:16.0.1] AndroidManifest.xml:31:9-33:69
204            android:name="com.stripe.android.paymentsheet.PaymentSheetActivity"
204-->[com.stripe:stripe-android:16.0.1] AndroidManifest.xml:32:13-80
205            android:theme="@style/StripePaymentSheetDefaultTheme" />
205-->[com.stripe:stripe-android:16.0.1] AndroidManifest.xml:33:13-66
206        <activity
206-->[com.stripe:stripe-3ds2-android:4.1.0] AndroidManifest.xml:12:9-14:54
207            android:name="com.stripe.android.stripe3ds2.views.ChallengeActivity"
207-->[com.stripe:stripe-3ds2-android:4.1.0] AndroidManifest.xml:13:13-81
208            android:theme="@style/Stripe3DS2Theme" />
208-->[com.stripe:stripe-3ds2-android:4.1.0] AndroidManifest.xml:14:13-51
209        <activity
209-->[com.stripe:stripe-3ds2-android:4.1.0] AndroidManifest.xml:15:9-17:54
210            android:name="com.stripe.android.stripe3ds2.views.ChallengeProgressActivity"
210-->[com.stripe:stripe-3ds2-android:4.1.0] AndroidManifest.xml:16:13-89
211            android:theme="@style/Stripe3DS2Theme" />
211-->[com.stripe:stripe-3ds2-android:4.1.0] AndroidManifest.xml:17:13-51
212
213        <receiver
213-->[com.google.android.gms:play-services-cast-framework:19.0.0] AndroidManifest.xml:10:9-12:40
214            android:name="com.google.android.gms.cast.framework.media.MediaIntentReceiver"
214-->[com.google.android.gms:play-services-cast-framework:19.0.0] AndroidManifest.xml:11:13-91
215            android:exported="false" />
215-->[com.google.android.gms:play-services-cast-framework:19.0.0] AndroidManifest.xml:12:13-37
216
217        <service
217-->[com.google.android.gms:play-services-cast-framework:19.0.0] AndroidManifest.xml:14:9-16:40
218            android:name="com.google.android.gms.cast.framework.media.MediaNotificationService"
218-->[com.google.android.gms:play-services-cast-framework:19.0.0] AndroidManifest.xml:15:13-96
219            android:exported="false" />
219-->[com.google.android.gms:play-services-cast-framework:19.0.0] AndroidManifest.xml:16:13-37
220        <service
220-->[com.google.android.gms:play-services-cast-framework:19.0.0] AndroidManifest.xml:17:9-19:40
221            android:name="com.google.android.gms.cast.framework.ReconnectionService"
221-->[com.google.android.gms:play-services-cast-framework:19.0.0] AndroidManifest.xml:18:13-85
222            android:exported="false" />
222-->[com.google.android.gms:play-services-cast-framework:19.0.0] AndroidManifest.xml:19:13-37
223        <!--
224             FirebaseMessagingService performs security checks at runtime,
225             but set to not exported to explicitly avoid allowing another app to call it.
226        -->
227        <service
227-->[com.google.firebase:firebase-messaging:20.3.0] AndroidManifest.xml:28:9-35:19
228            android:name="com.google.firebase.messaging.FirebaseMessagingService"
228-->[com.google.firebase:firebase-messaging:20.3.0] AndroidManifest.xml:29:13-82
229            android:directBootAware="true"
229-->[com.google.firebase:firebase-messaging:20.3.0] AndroidManifest.xml:30:13-43
230            android:exported="false" >
230-->[com.google.firebase:firebase-messaging:20.3.0] AndroidManifest.xml:31:13-37
231            <intent-filter android:priority="-500" >
231-->src\main\AndroidManifest.xml:76:13-78:29
232                <action android:name="com.google.firebase.MESSAGING_EVENT" />
232-->src\main\AndroidManifest.xml:77:17-78
232-->src\main\AndroidManifest.xml:77:25-75
233            </intent-filter>
234        </service>
235        <service
235-->[com.google.firebase:firebase-messaging:20.3.0] AndroidManifest.xml:36:9-42:19
236            android:name="com.google.firebase.components.ComponentDiscoveryService"
236-->[com.google.firebase:firebase-messaging:20.3.0] AndroidManifest.xml:37:13-84
237            android:directBootAware="true"
237-->[com.google.firebase:firebase-common:19.3.1] AndroidManifest.xml:35:13-43
238            android:exported="false" >
238-->[com.google.firebase:firebase-messaging:20.3.0] AndroidManifest.xml:38:13-37
239            <meta-data
239-->[com.google.firebase:firebase-messaging:20.3.0] AndroidManifest.xml:39:13-41:85
240                android:name="com.google.firebase.components:com.google.firebase.messaging.FirebaseMessagingRegistrar"
240-->[com.google.firebase:firebase-messaging:20.3.0] AndroidManifest.xml:40:17-119
241                android:value="com.google.firebase.components.ComponentRegistrar" />
241-->[com.google.firebase:firebase-messaging:20.3.0] AndroidManifest.xml:41:17-82
242            <meta-data
242-->[com.google.firebase:firebase-iid:20.3.0] AndroidManifest.xml:32:13-34:85
243                android:name="com.google.firebase.components:com.google.firebase.iid.Registrar"
243-->[com.google.firebase:firebase-iid:20.3.0] AndroidManifest.xml:33:17-96
244                android:value="com.google.firebase.components.ComponentRegistrar" />
244-->[com.google.firebase:firebase-iid:20.3.0] AndroidManifest.xml:34:17-82
245            <meta-data
245-->[com.google.android.gms:play-services-measurement-api:17.6.0] AndroidManifest.xml:30:13-32:85
246                android:name="com.google.firebase.components:com.google.firebase.analytics.connector.internal.AnalyticsConnectorRegistrar"
246-->[com.google.android.gms:play-services-measurement-api:17.6.0] AndroidManifest.xml:31:17-139
247                android:value="com.google.firebase.components.ComponentRegistrar" />
247-->[com.google.android.gms:play-services-measurement-api:17.6.0] AndroidManifest.xml:32:17-82
248            <meta-data
248-->[com.google.firebase:firebase-firestore:21.7.1] AndroidManifest.xml:20:13-22:85
249                android:name="com.google.firebase.components:com.google.firebase.firestore.FirestoreRegistrar"
249-->[com.google.firebase:firebase-firestore:21.7.1] AndroidManifest.xml:21:17-111
250                android:value="com.google.firebase.components.ComponentRegistrar" />
250-->[com.google.firebase:firebase-firestore:21.7.1] AndroidManifest.xml:22:17-82
251            <meta-data
251-->[com.google.firebase:firebase-datatransport:17.0.3] AndroidManifest.xml:28:13-30:85
252                android:name="com.google.firebase.components:com.google.firebase.datatransport.TransportRegistrar"
252-->[com.google.firebase:firebase-datatransport:17.0.3] AndroidManifest.xml:29:17-115
253                android:value="com.google.firebase.components.ComponentRegistrar" />
253-->[com.google.firebase:firebase-datatransport:17.0.3] AndroidManifest.xml:30:17-82
254            <meta-data
254-->[com.google.firebase:firebase-installations:16.3.3] AndroidManifest.xml:17:13-19:85
255                android:name="com.google.firebase.components:com.google.firebase.installations.FirebaseInstallationsRegistrar"
255-->[com.google.firebase:firebase-installations:16.3.3] AndroidManifest.xml:18:17-127
256                android:value="com.google.firebase.components.ComponentRegistrar" />
256-->[com.google.firebase:firebase-installations:16.3.3] AndroidManifest.xml:19:17-82
257        </service>
258
259        <receiver
259-->[com.google.firebase:firebase-iid:20.3.0] AndroidManifest.xml:37:9-44:20
260            android:name="com.google.firebase.iid.FirebaseInstanceIdReceiver"
260-->[com.google.firebase:firebase-iid:20.3.0] AndroidManifest.xml:38:13-78
261            android:exported="true"
261-->[com.google.firebase:firebase-iid:20.3.0] AndroidManifest.xml:39:13-36
262            android:permission="com.google.android.c2dm.permission.SEND" >
262-->[com.google.firebase:firebase-iid:20.3.0] AndroidManifest.xml:40:13-73
263            <intent-filter>
263-->[com.google.firebase:firebase-iid:20.3.0] AndroidManifest.xml:41:13-43:29
264                <action android:name="com.google.android.c2dm.intent.RECEIVE" />
264-->[com.google.firebase:firebase-iid:20.3.0] AndroidManifest.xml:42:17-81
264-->[com.google.firebase:firebase-iid:20.3.0] AndroidManifest.xml:42:25-78
265            </intent-filter>
266        </receiver>
267        <receiver
267-->[com.google.android.gms:play-services-measurement:17.6.0] AndroidManifest.xml:29:9-33:20
268            android:name="com.google.android.gms.measurement.AppMeasurementReceiver"
268-->[com.google.android.gms:play-services-measurement:17.6.0] AndroidManifest.xml:30:13-85
269            android:enabled="true"
269-->[com.google.android.gms:play-services-measurement:17.6.0] AndroidManifest.xml:31:13-35
270            android:exported="false" >
270-->[com.google.android.gms:play-services-measurement:17.6.0] AndroidManifest.xml:32:13-37
271        </receiver>
272
273        <service
273-->[com.google.android.gms:play-services-measurement:17.6.0] AndroidManifest.xml:35:9-38:40
274            android:name="com.google.android.gms.measurement.AppMeasurementService"
274-->[com.google.android.gms:play-services-measurement:17.6.0] AndroidManifest.xml:36:13-84
275            android:enabled="true"
275-->[com.google.android.gms:play-services-measurement:17.6.0] AndroidManifest.xml:37:13-35
276            android:exported="false" />
276-->[com.google.android.gms:play-services-measurement:17.6.0] AndroidManifest.xml:38:13-37
277        <service
277-->[com.google.android.gms:play-services-measurement:17.6.0] AndroidManifest.xml:39:9-43:72
278            android:name="com.google.android.gms.measurement.AppMeasurementJobService"
278-->[com.google.android.gms:play-services-measurement:17.6.0] AndroidManifest.xml:40:13-87
279            android:enabled="true"
279-->[com.google.android.gms:play-services-measurement:17.6.0] AndroidManifest.xml:41:13-35
280            android:exported="false"
280-->[com.google.android.gms:play-services-measurement:17.6.0] AndroidManifest.xml:42:13-37
281            android:permission="android.permission.BIND_JOB_SERVICE" />